 
================================== 
INICIO TEST: dom. 17/05/2026 11:13:43,70 
================================== 
в—Ү injected env (2) from .env // tip: вҢҳ suppress logs { quiet: true }

Running 8 tests using 1 worker

в—Ү injected env (0) from .env // tip: вҢҳ suppress logs { quiet: true }
Errores de consola detectados: 3

Detalle de errores JS:
  1. Failed to load resource: the server responded with a status of 500 ()
  2. Failed to load resource: the server responded with a status of 404 ()
  3. Failed to load resource: the server responded with a status of 404 ()

Recursos con 404: 2

Detalle de 404s:
  1. https://api.enovastore.com.ar/publication/d4e86dd3-de67-47f8-b3c8-4664de35bc16
  2. https://api.enovastore.com.ar/publication/1f872d7e-9018-448d-af9b-5bbbd5936e65
  ok 1 [chromium] вҖә tests\smoke-precios.spec.js:71:3 вҖә рҹ”Ҙ Smoke Test вҖ” ValidaciГіn de precios enova store вҖә El sitio carga sin errores crГӯticos (3.2s)
node.exe : вҡ пёҸ  Timeout esperando precios en Home
En lГӯnea: 1 CarГЎcter: 1
+ & "C:\Program Files\nodejs/node.exe" "C:\Program Files\nodejs/node_mo ...
+ ~~~~~~~~~~~~~~~~~~~~~~~~~~~~~~~~~~~~~~~~~~~~~~~~~~~~~~~~~~~~~~~~~~~~~
    + CategoryInfo          : NotSpecified: (вҡ пёҸ  Timeout esperando precios en Home:String) [], RemoteException
    + FullyQualifiedErrorId : NativeCommandError
 

рҹ“Ӣ PГЎgina: Home вҖ” 19 precios encontrados
  вң… $123.999
  вң… $1.249.999
  вң… $429.999
  вң… $25.999
  вң… $729.999
  вң… $299.999
  вң… $899.999
  вң… $599.999
  вң… $789.999
  вң… $849.999
  вң… $769.999
  вң… $779.999
  вң… $714.999
  вң… $619.799
  вң… $739.999
  вң… $866.499
  вң… $479.999
  вң… $499.999
  вң… $699.999
  ok 2 [chromium] вҖә tests\smoke-precios.spec.js:110:5 вҖә рҹ”Ҙ Smoke Test вҖ” ValidaciГіn de precios enova store вҖә Precios correctos en: Home (/) (23.1s)
вҡ пёҸ  Timeout esperando precios en Televisores

рҹ“Ӣ PГЎgina: Televisores вҖ” 4 precios encontrados
  вң… $659.999
  вң… $1.249.999
  вң… $1.749.999
  вң… $299.999
  ok 3 [chromium] вҖә tests\smoke-precios.spec.js:110:5 вҖә рҹ”Ҙ Smoke Test вҖ” ValidaciГіn de precios enova store вҖә Precios correctos en: Televisores (/categories/962b9949-c7e2-4a1e-b4f8-837bc9ecc58d) (24.7s)
вҡ пёҸ  Timeout esperando precios en Lavarropas

рҹ“Ӣ PГЎgina: Lavarropas вҖ” 8 precios encontrados
  вң… $479.999
  вң… $866.499
  вң… $714.999
  вң… $499.999
  вң… $719.999
  вң… $739.999
  вң… $699.999
  вң… $599.999
  ok 4 [chromium] вҖә tests\smoke-precios.spec.js:110:5 вҖә рҹ”Ҙ Smoke Test вҖ” ValidaciГіn de precios enova store вҖә Precios correctos en: Lavarropas (/categories/4019235d-a385-4c8d-89af-69d8c2e20fe9) (24.7s)
вҡ пёҸ  Timeout esperando precios en Celulares

рҹ“Ӣ PГЎgina: Celulares вҖ” 2 precios encontrados
  вң… $123.999
  вң… $284.999
  ok 5 [chromium] вҖә tests\smoke-precios.spec.js:110:5 вҖә рҹ”Ҙ Smoke Test вҖ” ValidaciГіn de precios enova store вҖә Precios correctos en: Celulares (/categories/d910010c-1cc3-4bc3-be52-8036693fb07f) (24.3s)
вҡ пёҸ  Timeout esperando precios en Notebook

рҹ“Ӣ PГЎgina: Notebook вҖ” 1 precios encontrados
  вң… $429.999
  ok 6 [chromium] вҖә tests\smoke-precios.spec.js:110:5 вҖә рҹ”Ҙ Smoke Test вҖ” ValidaciГіn de precios enova store вҖә Precios correctos en: Notebook (/categories/663b3f19-01f1-470a-aee0-1dad98a035e3) (24.4s)

рҹ“Ұ Testeando detalle de producto: https://enova.ar/
Precios encontrados: 19 | VГЎlidos: 19 | InvГЎlidos: 0
  ok 7 [chromium] вҖә tests\smoke-precios.spec.js:183:3 вҖә пҝҪпҝҪ Smoke Test вҖ” ValidaciГіn de precios enova store вҖә Precio correcto en pГЎgina de detalle de producto (4.0s)
  ok 8 [chromium] вҖә tests\smoke-precios.spec.js:236:3 вҖә рҹ”Ҙ Smoke Test вҖ” ValidaciГіn de precios enova store вҖә No hay precios con overflow (bug conocido de producciГіn) (2.8s)

  8 passed (2.2m)

To open last HTML report run:
[36m[39m
[36m  npx playwright show-report[39m
[36m[39m
================================== 
FIN TEST: dom. 17/05/2026 11:13:43,71 
================================== 
 
================================== 
INICIO TEST: dom. 17/05/2026 11:19:14,92 
================================== 
в—Ү injected env (2) from .env // tip: вҢҳ multiple files { path: ['.env.local', '.env'] }

Running 8 tests using 1 worker

в—Ү injected env (0) from .env // tip: вҢҳ suppress logs { quiet: true }
Errores de consola detectados: 3

Detalle de errores JS:
  1. Failed to load resource: the server responded with a status of 500 ()
  2. Failed to load resource: the server responded with a status of 404 ()
  3. Failed to load resource: the server responded with a status of 404 ()

Recursos con 404: 2

Detalle de 404s:
  1. https://api.enovastore.com.ar/publication/d4e86dd3-de67-47f8-b3c8-4664de35bc16
  2. https://api.enovastore.com.ar/publication/1f872d7e-9018-448d-af9b-5bbbd5936e65
  ok 1 [chromium] вҖә tests\smoke-precios.spec.js:71:3 вҖә пҝҪпҝҪ Smoke Test вҖ” ValidaciГіn de precios enova store вҖә El sitio carga sin errores crГӯticos (3.7s)
node.exe : вҡ пёҸ  Timeout esperando precios en Home
En lГӯnea: 1 CarГЎcter: 1
+ & "C:\Program Files\nodejs/node.exe" "C:\Program Files\nodejs/node_mo ...
+ ~~~~~~~~~~~~~~~~~~~~~~~~~~~~~~~~~~~~~~~~~~~~~~~~~~~~~~~~~~~~~~~~~~~~~
    + CategoryInfo          : NotSpecified: (вҡ пёҸ  Timeout esperando precios en Home:String) [], RemoteException
    + FullyQualifiedErrorId : NativeCommandError
 

рҹ“Ӣ PГЎgina: Home вҖ” 19 precios encontrados
  вң… $123.999
  вң… $1.249.999
  вң… $429.999
  вң… $25.999
  вң… $729.999
  вң… $299.999
  вң… $899.999
  вң… $599.999
  вң… $789.999
  вң… $849.999
  вң… $769.999
  вң… $779.999
  вң… $714.999
  вң… $619.799
  вң… $739.999
  вң… $866.499
  вң… $479.999
  вң… $499.999
  вң… $699.999
  ok 2 [chromium] вҖә tests\smoke-precios.spec.js:110:5 вҖә рҹ”Ҙ Smoke Test вҖ” ValidaciГіn de precios enova store вҖә Precios correctos en: Home (/) (23.5s)
вҡ пёҸ  Timeout esperando precios en Televisores

рҹ“Ӣ PГЎgina: Televisores вҖ” 4 precios encontrados
  вң… $659.999
  вң… $1.249.999
  вң… $1.749.999
  вң… $299.999
  ok 3 [chromium] вҖә tests\smoke-precios.spec.js:110:5 вҖә рҹ”Ҙ Smoke Test вҖ” ValidaciГіn de precios enova store вҖә Precios correctos en: Televisores (/categories/962b9949-c7e2-4a1e-b4f8-837bc9ecc58d) (25.2s)
вҡ пёҸ  Timeout esperando precios en Lavarropas

рҹ“Ӣ PГЎgina: Lavarropas вҖ” 8 precios encontrados
  вң… $479.999
  вң… $866.499
  вң… $714.999
  вң… $499.999
  вң… $719.999
  вң… $739.999
  вң… $699.999
  вң… $599.999
  ok 4 [chromium] вҖә tests\smoke-precios.spec.js:110:5 вҖә рҹ”Ҙ Smoke Test вҖ” ValidaciГіn de precios enova store вҖә Precios correctos en: Lavarropas (/categories/4019235d-a385-4c8d-89af-69d8c2e20fe9) (25.9s)
вҡ пёҸ  Timeout esperando precios en Celulares

рҹ“Ӣ PГЎgina: Celulares вҖ” 2 precios encontrados
  вң… $123.999
  вң… $284.999
  ok 5 [chromium] вҖә tests\smoke-precios.spec.js:110:5 вҖә рҹ”Ҙ Smoke Test вҖ” ValidaciГіn de precios enova store вҖә Precios correctos en: Celulares (/categories/d910010c-1cc3-4bc3-be52-8036693fb07f) (24.5s)
вҡ пёҸ  Timeout esperando precios en Notebook

рҹ“Ӣ PГЎgina: Notebook вҖ” 1 precios encontrados
  вң… $429.999
  ok 6 [chromium] вҖә tests\smoke-precios.spec.js:110:5 вҖә рҹ”Ҙ Smoke Test вҖ” ValidaciГіn de precios enova store вҖә Precios correctos en: Notebook (/categories/663b3f19-01f1-470a-aee0-1dad98a035e3) (24.4s)

рҹ“Ұ Testeando detalle de producto: https://enova.ar/
Precios encontrados: 19 | VГЎlidos: 19 | InvГЎlidos: 0
  ok 7 [chromium] вҖә tests\smoke-precios.spec.js:183:3 вҖә рҹ”Ҙ Smoke Test вҖ” ValidaciГіn de precios enova store вҖә Precio correcto en pГЎgina de detalle de producto (3.3s)
  ok 8 [chromium] вҖә tests\smoke-precios.spec.js:236:3 вҖә рҹ”Ҙ Smoke Test вҖ” ValidaciГіn de precios enova store вҖә No hay precios con overflow (bug conocido de producciГіn) (3.6s)

  8 passed (2.3m)

To open last HTML report run:
[36m[39m
[36m  npx playwright show-report[39m
[36m[39m
================================== 
FIN TEST: dom. 17/05/2026 11:19:14,92 
================================== 
 
================================== 
INICIO TEST: dom. 17/05/2026 11:22:49,18 
================================== 
в—Ү injected env (2) from .env // tip: вҢҒ auth for agents [www.vestauth.com]

Running 8 tests using 1 worker

в—Ү injected env (0) from .env // tip: в—Ҳ secrets for agents [www.dotenvx.com]
Errores de consola detectados: 3

Detalle de errores JS:
  1. Failed to load resource: the server responded with a status of 500 ()
  2. Failed to load resource: the server responded with a status of 404 ()
  3. Failed to load resource: the server responded with a status of 404 ()

Recursos con 404: 2

Detalle de 404s:
  1. https://api.enovastore.com.ar/publication/1f872d7e-9018-448d-af9b-5bbbd5936e65
  2. https://api.enovastore.com.ar/publication/d4e86dd3-de67-47f8-b3c8-4664de35bc16
  ok 1 [chromium] вҖә tests\smoke-precios.spec.js:71:3 вҖә рҹ”Ҙ Smoke Test вҖ” ValidaciГіn de precios enova store вҖә El sitio carga sin errores crГӯticos (3.3s)
node.exe : вҡ пёҸ  Timeout esperando precios en Home
En lГӯnea: 1 CarГЎcter: 1
+ & "C:\Program Files\nodejs/node.exe" "C:\Program Files\nodejs/node_mo ...
+ ~~~~~~~~~~~~~~~~~~~~~~~~~~~~~~~~~~~~~~~~~~~~~~~~~~~~~~~~~~~~~~~~~~~~~
    + CategoryInfo          : NotSpecified: (вҡ пёҸ  Timeout esperando precios en Home:String) [], RemoteException
    + FullyQualifiedErrorId : NativeCommandError
 

рҹ“Ӣ PГЎgina: Home вҖ” 19 precios encontrados
  вң… $123.999
  вң… $1.249.999
  вң… $429.999
  вң… $25.999
  вң… $729.999
  вң… $299.999
  вң… $899.999
  вң… $599.999
  вң… $789.999
  вң… $849.999
  вң… $769.999
  вң… $779.999
  вң… $714.999
  вң… $619.799
  вң… $739.999
  вң… $866.499
  вң… $479.999
  вң… $499.999
  вң… $699.999
  ok 2 [chromium] вҖә tests\smoke-precios.spec.js:110:5 вҖә рҹ”Ҙ Smoke Test вҖ” ValidaciГіn de precios enova store вҖә Precios correctos en: Home (/) (23.0s)
вҡ пёҸ  Timeout esperando precios en Televisores

рҹ“Ӣ PГЎgina: Televisores вҖ” 4 precios encontrados
  вң… $659.999
  вң… $1.249.999
  вң… $1.749.999
  вң… $299.999
  ok 3 [chromium] вҖә tests\smoke-precios.spec.js:110:5 вҖә рҹ”Ҙ Smoke Test вҖ” ValidaciГіn de precios enova store вҖә Precios correctos en: Televisores (/categories/962b9949-c7e2-4a1e-b4f8-837bc9ecc58d) (24.5s)
вҡ пёҸ  Timeout esperando precios en Lavarropas

рҹ“Ӣ PГЎgina: Lavarropas вҖ” 8 precios encontrados
  вң… $479.999
  вң… $866.499
  вң… $714.999
  вң… $499.999
  вң… $719.999
  вң… $739.999
  вң… $699.999
  вң… $599.999
  ok 4 [chromium] вҖә tests\smoke-precios.spec.js:110:5 вҖә рҹ”Ҙ Smoke Test вҖ” ValidaciГіn de precios enova store вҖә Precios correctos en: Lavarropas (/categories/4019235d-a385-4c8d-89af-69d8c2e20fe9) (24.6s)
вҡ пёҸ  Timeout esperando precios en Celulares

рҹ“Ӣ PГЎgina: Celulares вҖ” 2 precios encontrados
  вң… $123.999
  вң… $284.999
  ok 5 [chromium] вҖә tests\smoke-precios.spec.js:110:5 вҖә рҹ”Ҙ Smoke Test вҖ” ValidaciГіn de precios enova store вҖә Precios correctos en: Celulares (/categories/d910010c-1cc3-4bc3-be52-8036693fb07f) (24.5s)
вҡ пёҸ  Timeout esperando precios en Notebook

рҹ“Ӣ PГЎgina: Notebook вҖ” 1 precios encontrados
  вң… $429.999
  ok 6 [chromium] вҖә tests\smoke-precios.spec.js:110:5 вҖә рҹ”Ҙ Smoke Test вҖ” ValidaciГіn de precios enova store вҖә Precios correctos en: Notebook (/categories/663b3f19-01f1-470a-aee0-1dad98a035e3) (24.4s)

рҹ“Ұ Testeando detalle de producto: https://enova.ar/
Precios encontrados: 19 | VГЎlidos: 19 | InvГЎlidos: 0
  ok 7 [chromium] вҖә tests\smoke-precios.spec.js:183:3 вҖә рҹ”Ҙ Smoke Test вҖ” ValidaciГіn de precios enova store вҖә Precio correcto en pГЎgina de detalle de producto (3.3s)
  ok 8 [chromium] вҖә tests\smoke-precios.spec.js:236:3 вҖә рҹ”Ҙ Smoke Test вҖ” ValidaciГіn de precios enova store вҖә No hay precios con overflow (bug conocido de producciГіn) (2.9s)

  8 passed (2.2m)

To open last HTML report run:
[36m[39m
[36m  npx playwright show-report[39m
[36m[39m
================================== 
FIN TEST: dom. 17/05/2026 11:22:49,19 
================================== 
